02 Mar 2016 09:35:40 AM - <0> - Report created.
02 Mar 2016 09:35:40 AM - <2> - Initialize posting log file
02 Mar 2016 09:35:40 AM - <2> - Using MP run version 15.00 and post components version 15.00
02 Mar 2016 09:35:40 AM - <2> - Initiate opening the post processor file(s).
02 Mar 2016 09:35:40 AM - <2> - C:\USERS\PUBLIC\DOCUMENTS\SHARED MCAMFORSWX6\MILL\POSTS\MPFAN.PST
02 Mar 2016 09:35:40 AM - <2> - The post processor file has been successfully opened.
02 Mar 2016 09:35:40 AM - <2> - Post version information (input):
02 Mar 2016 09:35:40 AM - <2> - UPDATEPOST Version 15. was used to modify this file.
02 Mar 2016 09:35:40 AM - <2> - The file was modified by this product on 20 May 11 06:51:18
02 Mar 2016 09:35:40 AM - <2> - The post was written to run with Mastercam Version 15.
02 Mar 2016 09:35:40 AM - <2> - The post product type is Mill.
02 Mar 2016 09:35:40 AM - <2> - Initialization of pre-defined post variables, strings, postblocks was successful.
02 Mar 2016 09:35:40 AM - <2> - Search for defined post variables, strings, postblocks was successful.
02 Mar 2016 09:35:40 AM - <2> - CONTROL DEFINITION - Post variable 'ltol$' was re-initialized from 0.0005 to 0.002
02 Mar 2016 09:35:40 AM - <2> - CONTROL DEFINITION - Post variable 'atol$' was re-initialized from 0.5 to 0.01
02 Mar 2016 09:35:40 AM - <2> - CONTROL DEFINITION - Post variable 'err_file$' was re-initialized from 0. to 1.
02 Mar 2016 09:35:40 AM - <2> - CONTROL DEFINITION - Post variable 'dec_seq_right$' was re-initialized from 3. to 0.
02 Mar 2016 09:35:40 AM - <2> - CONTROL DEFINITION - Post variable 'sub_seq_typ$' was re-initialized from 0. to 1.
02 Mar 2016 09:35:40 AM - <2> - CONTROL DEFINITION - Post variable 'tplanemode$' was re-initialized from 2. to 0.
02 Mar 2016 09:35:40 AM - <2> - CONTROL DEFINITION - Post variable 'nobrk$' was re-initialized from 1. to 0.
02 Mar 2016 09:35:40 AM - <2> - CONTROL DEFINITION - Post variable 'nobrkxz$' was re-initialized from 1. to 0.
02 Mar 2016 09:35:40 AM - <2> - CONTROL DEFINITION - Post variable 'nobrkyz$' was re-initialized from 1. to 0.
02 Mar 2016 09:35:40 AM - <2> - CONTROL DEFINITION - Post variable 'lnobrk$' was re-initialized from 1. to 0.
02 Mar 2016 09:35:40 AM - <2> - CONTROL DEFINITION - Post variable 'lnobrkxz$' was re-initialized from 1. to 0.
02 Mar 2016 09:35:40 AM - <2> - CONTROL DEFINITION - Post variable 'lnobrkyz$' was re-initialized from 1. to 0.
02 Mar 2016 09:35:40 AM - <2> - CONTROL DEFINITION - Post variable 'arcoutput$' was re-initialized from 1. to 0.
02 Mar 2016 09:35:40 AM - <2> - CONTROL DEFINITION - Post variable 'arcoutputxz$' was re-initialized from 1. to 0.
02 Mar 2016 09:35:40 AM - <2> - CONTROL DEFINITION - Post variable 'arcoutputyz$' was re-initialized from 1. to 0.
02 Mar 2016 09:35:40 AM - <2> - CONTROL DEFINITION - Post variable 'larcoutput$' was re-initialized from 1. to 0.
02 Mar 2016 09:35:40 AM - <2> - CONTROL DEFINITION - Post variable 'larctypexz$' was re-initialized from 1. to 0.
02 Mar 2016 09:35:40 AM - <2> - CONTROL DEFINITION - Post variable 'larcoutputyz$' was re-initialized from 1. to 0.
02 Mar 2016 09:35:40 AM - <2> - CONTROL DEFINITION - Post variable 'breakarcs$' was re-initialized from 0. to 1.
02 Mar 2016 09:35:40 AM - <2> - CONTROL DEFINITION - Post variable 'breakarcsxz$' was re-initialized from 0. to 1.
02 Mar 2016 09:35:40 AM - <2> - CONTROL DEFINITION - Post variable 'breakarcsyz$' was re-initialized from 0. to 1.
02 Mar 2016 09:35:40 AM - <2> - CONTROL DEFINITION - Post variable 'lbreakarcs$' was re-initialized from 0. to 1.
02 Mar 2016 09:35:40 AM - <2> - CONTROL DEFINITION - Post variable 'lbreakarcsxz$' was re-initialized from 0. to 1.
02 Mar 2016 09:35:40 AM - <2> - CONTROL DEFINITION - Post variable 'lbreakarcsyz$' was re-initialized from 0. to 1.
02 Mar 2016 09:35:40 AM - <2> - CONTROL DEFINITION - Post variable 'helix_arc$' was re-initialized from 1. to 0.
02 Mar 2016 09:35:40 AM - <2> - CONTROL DEFINITION - Post variable 'lhelix_arc$' was re-initialized from 1. to 0.
02 Mar 2016 09:35:40 AM - <2> - CONTROL DEFINITION - Post variable 'do_full_arc$' was re-initialized from 1. to 0.
02 Mar 2016 09:35:41 AM - <2> - CONTROL DEFINITION - Post variable 'do_full_arcxz$' was re-initialized from 1. to 0.
02 Mar 2016 09:35:41 AM - <2> - CONTROL DEFINITION - Post variable 'do_full_arcyz$' was re-initialized from 1. to 0.
02 Mar 2016 09:35:41 AM - <2> - CONTROL DEFINITION - Post variable 'ldo_full_arc$' was re-initialized from 1. to 0.
02 Mar 2016 09:35:41 AM - <2> - CONTROL DEFINITION - Post variable 'ldo_full_arcxz$' was re-initialized from 1. to 0.
02 Mar 2016 09:35:41 AM - <2> - CONTROL DEFINITION - Post variable 'ldo_full_arcyz$' was re-initialized from 1. to 0.
02 Mar 2016 09:35:41 AM - <2> - CONTROL DEFINITION - Post variable 'rotfeed4$' was re-initialized from 2. to 1.
02 Mar 2016 09:35:41 AM - <2> - CONTROL DEFINITION - Post variable 'rotfeed5$' was re-initialized from 3. to 1.
02 Mar 2016 09:35:41 AM - <2> - CONTROL DEFINITION - Post variable 'lrotfeed4$' was re-initialized from 2. to 1.
02 Mar 2016 09:35:41 AM - <2> - CONTROL DEFINITION - Post variable 'lrotfeed5$' was re-initialized from 0. to 1.
02 Mar 2016 09:35:41 AM - <2> - CONTROL DEFINITION - Post variable 'sub_level$' was re-initialized from 0. to 0.
02 Mar 2016 09:35:41 AM - <2> - Successful completion of posting process!
